c:\users\damian\documents\visual studio 2010\projects\grafika_2015\grafika_2015\debug\source.obj
c:\users\damian\documents\visual studio 2010\projects\grafika_2015\grafika_2015\debug\vc100.pdb
c:\users\sławomir\desktop\grafika_2015\grafika_2015\debug\source.obj
c:\users\sławomir\desktop\grafika_2015\grafika_2015\debug\vc100.pdb
c:\users\damian\documents\visual studio 2010\projects\grafika_2015\debug\grafika_2015.ilk
c:\users\damian\documents\visual studio 2010\projects\grafika_2015\debug\grafika_2015.exe
c:\users\damian\documents\visual studio 2010\projects\grafika_2015\grafika_2015\debug\grafika_2015.exe.intermediate.manifest
c:\users\damian\documents\visual studio 2010\projects\grafika_2015\debug\grafika_2015.pdb
c:\users\sławomir\desktop\grafika_2015\debug\grafika_2015.ilk
c:\users\sławomir\desktop\grafika_2015\debug\grafika_2015.exe
c:\users\sławomir\desktop\grafika_2015\grafika_2015\debug\grafika_2015.exe.intermediate.manifest
c:\users\sławomir\desktop\grafika_2015\debug\grafika_2015.pdb
c:\users\sławomir\desktop\grafika_2015\grafika_2015\debug\vc120.pdb
c:\users\sławomir\desktop\grafika_2015\grafika_2015\debug\vc120.idb
c:\users\sławomir\desktop\grafika_2015\grafika_2015\debug\grafika_2015.vcxprojresolveassemblyreference.cache
c:\users\sławomir\desktop\grafika_2015\grafika_2015\debug\cl.command.1.tlog
c:\users\sławomir\desktop\grafika_2015\grafika_2015\debug\cl.read.1.tlog
c:\users\sławomir\desktop\grafika_2015\grafika_2015\debug\cl.write.1.tlog
c:\users\sławomir\desktop\grafika_2015\grafika_2015\debug\grafika_2015.write.1.tlog
c:\users\sławomir\desktop\grafika_2015\grafika_2015\debug\link.command.1.tlog
c:\users\sławomir\desktop\grafika_2015\grafika_2015\debug\link.read.1.tlog
c:\users\sławomir\desktop\grafika_2015\grafika_2015\debug\link.write.1.tlog
c:\users\sławomir\desktop\grafika_2015\grafika_2015\debug\mt.command.1.tlog
c:\users\sławomir\desktop\grafika_2015\grafika_2015\debug\mt.read.1.tlog
c:\users\sławomir\desktop\grafika_2015\grafika_2015\debug\mt.write.1.tlog
c:\users\sławomir\desktop\grafika_2015\grafika_2015\debug\vc100.idb
c:\users\sławomir\desktop\grafika_2015\grafika_2015\debug\grafika_2015.tlog\cl.command.1.tlog
c:\users\sławomir\desktop\grafika_2015\grafika_2015\debug\grafika_2015.tlog\cl.read.1.tlog
c:\users\sławomir\desktop\grafika_2015\grafika_2015\debug\grafika_2015.tlog\cl.write.1.tlog
c:\users\sławomir\desktop\grafika_2015\grafika_2015\debug\grafika_2015.tlog\link-cvtres.read.1.tlog
c:\users\sławomir\desktop\grafika_2015\grafika_2015\debug\grafika_2015.tlog\link-cvtres.write.1.tlog
c:\users\sławomir\desktop\grafika_2015\grafika_2015\debug\grafika_2015.tlog\link-rc.read.1.tlog
c:\users\sławomir\desktop\grafika_2015\grafika_2015\debug\grafika_2015.tlog\link-rc.write.1.tlog
c:\users\sławomir\desktop\grafika_2015\grafika_2015\debug\grafika_2015.tlog\link.command.1.tlog
c:\users\sławomir\desktop\grafika_2015\grafika_2015\debug\grafika_2015.tlog\link.read.1.tlog
c:\users\sławomir\desktop\grafika_2015\grafika_2015\debug\grafika_2015.tlog\link.write.1.tlog
